<?xml version="1.0" encoding="UTF-8"?>
<testng-results ignored="0" total="1" passed="1" failed="0" skipped="0">
  <reporter-output>
  </reporter-output>
  <suite started-at="2026-03-11T14:27:09 IST" name="Default suite" finished-at="2026-03-11T14:27:14 IST" duration-ms="5418">
    <groups>
    </groups>
    <test started-at="2026-03-11T14:27:09 IST" name="Default test" finished-at="2026-03-11T14:27:14 IST" duration-ms="5418">
      <class name="tests.LoginTest">
        <test-method is-config="true" signature="SetUp()[pri:0, instance:tests.LoginTest@1573f9fc]" started-at="2026-03-11T14:27:09 IST" name="SetUp" finished-at="2026-03-11T14:27:13 IST" duration-ms="3980" status="PASS">
          <reporter-output>
          </reporter-output>
        </test-method> <!-- SetUp -->
        <test-method signature="LoginSetup()[pri:0, instance:tests.LoginTest@1573f9fc]" started-at="2026-03-11T14:27:13 IST" name="LoginSetup" finished-at="2026-03-11T14:27:14 IST" duration-ms="1146" status="PASS">
          <reporter-output>
          </reporter-output>
        </test-method> <!-- LoginSetup -->
        <test-method is-config="true" signature="tearDown()[pri:0, instance:tests.LoginTest@1573f9fc]" started-at="2026-03-11T14:27:14 IST" name="tearDown" finished-at="2026-03-11T14:27:14 IST" duration-ms="233" status="PASS">
          <reporter-output>
          </reporter-output>
        </test-method> <!-- tearDown -->
      </class> <!-- tests.LoginTest -->
    </test> <!-- Default test -->
  </suite> <!-- Default suite -->
</testng-results>
