<?xml version="1.0" encoding="UTF-8"?>
<testng-results ignored="0" total="1" passed="1" failed="0" skipped="0">
  <reporter-output>
  </reporter-output>
  <suite started-at="2026-03-11T12:19:29 IST" name="Suite" finished-at="2026-03-11T12:19:46 IST" duration-ms="17282">
    <groups>
    </groups>
    <test started-at="2026-03-11T12:19:29 IST" name="Test" finished-at="2026-03-11T12:19:46 IST" duration-ms="17282">
      <class name="tests.LoginTest">
        <test-method is-config="true" signature="SetUp()[pri:0, instance:tests.LoginTest@1573f9fc]" started-at="2026-03-11T12:19:29 IST" name="SetUp" finished-at="2026-03-11T12:19:43 IST" duration-ms="13704" status="PASS">
          <reporter-output>
          </reporter-output>
        </test-method> <!-- SetUp -->
        <test-method signature="LoginSetup()[pri:0, instance:tests.LoginTest@1573f9fc]" started-at="2026-03-11T12:19:43 IST" name="LoginSetup" finished-at="2026-03-11T12:19:45 IST" duration-ms="2619" status="PASS">
          <reporter-output>
          </reporter-output>
        </test-method> <!-- LoginSetup -->
        <test-method is-config="true" signature="tearDown()[pri:0, instance:tests.LoginTest@1573f9fc]" started-at="2026-03-11T12:19:45 IST" name="tearDown" finished-at="2026-03-11T12:19:46 IST" duration-ms="873" status="PASS">
          <reporter-output>
          </reporter-output>
        </test-method> <!-- tearDown -->
      </class> <!-- tests.LoginTest -->
    </test> <!-- Test -->
  </suite> <!-- Suite -->
</testng-results>
